[0.203s] DEBUG:colcon:Command line arguments: ['/usr/bin/colcon', 'build', '--symlink-install']
[0.203s] DEBUG:colcon:Parsed command line arguments: Namespace(log_base=None, log_level=None, verb_name='build', build_base='build', install_base='install', merge_install=False, symlink_install=True, test_result_base=None, continue_on_error=False, executor='parallel', parallel_workers=5, event_handlers=None, ignore_user_meta=False, metas=['./colcon.meta'], base_paths=['.'], packages_ignore=None, packages_ignore_regex=None, paths=None, packages_up_to=None, packages_up_to_regex=None, packages_above=None, packages_above_and_dependencies=None, packages_above_depth=None, packages_select_by_dep=None, packages_skip_by_dep=None, packages_skip_up_to=None, packages_select_build_failed=False, packages_skip_build_finished=False, packages_select_test_failures=False, packages_skip_test_passed=False, packages_select=None, packages_skip=None, packages_select_regex=None, packages_skip_regex=None, packages_start=None, packages_end=None, allow_overriding=[], cmake_args=None, cmake_target=None, cmake_target_skip_unavailable=False, cmake_clean_cache=False, cmake_clean_first=False, cmake_force_configure=False, ament_cmake_args=None, catkin_cmake_args=None, catkin_skip_building_tests=False, mixin_files=None, mixin=None, verb_parser=<colcon_mixin.mixin.mixin_argument.MixinArgumentDecorator object at 0x70c686633a60>, verb_extension=<colcon_core.verb.build.BuildVerb object at 0x70c686632d40>, main=<bound method BuildVerb.main of <colcon_core.verb.build.BuildVerb object at 0x70c686632d40>>, mixin_verb=('build',))
[0.609s] Level 1:colcon.colcon_core.package_discovery:discover_packages(colcon_meta) check parameters
[0.610s] Level 1:colcon.colcon_core.package_discovery:discover_packages(recursive) check parameters
[0.610s] Level 1:colcon.colcon_core.package_discovery:discover_packages(ignore) check parameters
[0.610s] Level 1:colcon.colcon_core.package_discovery:discover_packages(path) check parameters
[0.610s] Level 1:colcon.colcon_core.package_discovery:discover_packages(colcon_meta) discover
[0.610s] Level 1:colcon.colcon_core.package_discovery:discover_packages(recursive) discover
[0.610s] INFO:colcon.colcon_core.package_discovery:Crawling recursively for packages in '/home/kush/robot_ws'
[0.610s] Level 1:colcon.colcon_core.package_identification:_identify(.) by extensions ['ignore', 'ignore_ament_install']
[0.610s] Level 1:colcon.colcon_core.package_identification:_identify(.) by extension 'ignore'
[0.610s] Level 1:colcon.colcon_core.package_identification:_identify(.) by extension 'ignore_ament_install'
[0.610s] Level 1:colcon.colcon_core.package_identification:_identify(.) by extensions ['colcon_pkg']
[0.610s] Level 1:colcon.colcon_core.package_identification:_identify(.) by extension 'colcon_pkg'
[0.610s] Level 1:colcon.colcon_core.package_identification:_identify(.) by extensions ['colcon_meta']
[0.610s] Level 1:colcon.colcon_core.package_identification:_identify(.) by extension 'colcon_meta'
[0.610s] Level 1:colcon.colcon_core.package_identification:_identify(.) by extensions ['ros']
[0.610s] Level 1:colcon.colcon_core.package_identification:_identify(.) by extension 'ros'
[0.626s] Level 1:colcon.colcon_core.package_identification:_identify(.) by extensions ['cmake', 'python']
[0.626s] Level 1:colcon.colcon_core.package_identification:_identify(.) by extension 'cmake'
[0.627s] Level 1:colcon.colcon_core.package_identification:_identify(.) by extension 'python'
[0.627s] Level 1:colcon.colcon_core.package_identification:_identify(.) by extensions ['python_setup_py']
[0.627s] Level 1:colcon.colcon_core.package_identification:_identify(.) by extension 'python_setup_py'
[0.627s] Level 1:colcon.colcon_core.package_identification:_identify(build) by extensions ['ignore', 'ignore_ament_install']
[0.627s] Level 1:colcon.colcon_core.package_identification:_identify(build) by extension 'ignore'
[0.628s] Level 1:colcon.colcon_core.package_identification:_identify(build) ignored
[0.628s] Level 1:colcon.colcon_core.package_identification:_identify(install) by extensions ['ignore', 'ignore_ament_install']
[0.628s] Level 1:colcon.colcon_core.package_identification:_identify(install) by extension 'ignore'
[0.628s] Level 1:colcon.colcon_core.package_identification:_identify(install) ignored
[0.629s] Level 1:colcon.colcon_core.package_identification:_identify(log) by extensions ['ignore', 'ignore_ament_install']
[0.629s] Level 1:colcon.colcon_core.package_identification:_identify(log) by extension 'ignore'
[0.629s] Level 1:colcon.colcon_core.package_identification:_identify(log) ignored
[0.629s] Level 1:colcon.colcon_core.package_identification:_identify(src) by extensions ['ignore', 'ignore_ament_install']
[0.629s] Level 1:colcon.colcon_core.package_identification:_identify(src) by extension 'ignore'
[0.629s] Level 1:colcon.colcon_core.package_identification:_identify(src) by extension 'ignore_ament_install'
[0.629s] Level 1:colcon.colcon_core.package_identification:_identify(src) by extensions ['colcon_pkg']
[0.629s] Level 1:colcon.colcon_core.package_identification:_identify(src) by extension 'colcon_pkg'
[0.629s] Level 1:colcon.colcon_core.package_identification:_identify(src) by extensions ['colcon_meta']
[0.629s] Level 1:colcon.colcon_core.package_identification:_identify(src) by extension 'colcon_meta'
[0.629s] Level 1:colcon.colcon_core.package_identification:_identify(src) by extensions ['ros']
[0.629s] Level 1:colcon.colcon_core.package_identification:_identify(src) by extension 'ros'
[0.629s] Level 1:colcon.colcon_core.package_identification:_identify(src) by extensions ['cmake', 'python']
[0.629s] Level 1:colcon.colcon_core.package_identification:_identify(src) by extension 'cmake'
[0.629s] Level 1:colcon.colcon_core.package_identification:_identify(src) by extension 'python'
[0.629s] Level 1:colcon.colcon_core.package_identification:_identify(src) by extensions ['python_setup_py']
[0.629s] Level 1:colcon.colcon_core.package_identification:_identify(src) by extension 'python_setup_py'
[0.630s] Level 1:colcon.colcon_core.package_identification:_identify(src/turtlebot3_follower_control) by extensions ['ignore', 'ignore_ament_install']
[0.630s] Level 1:colcon.colcon_core.package_identification:_identify(src/turtlebot3_follower_control) by extension 'ignore'
[0.630s] Level 1:colcon.colcon_core.package_identification:_identify(src/turtlebot3_follower_control) by extension 'ignore_ament_install'
[0.630s] Level 1:colcon.colcon_core.package_identification:_identify(src/turtlebot3_follower_control) by extensions ['colcon_pkg']
[0.630s] Level 1:colcon.colcon_core.package_identification:_identify(src/turtlebot3_follower_control) by extension 'colcon_pkg'
[0.630s] Level 1:colcon.colcon_core.package_identification:_identify(src/turtlebot3_follower_control) by extensions ['colcon_meta']
[0.630s] Level 1:colcon.colcon_core.package_identification:_identify(src/turtlebot3_follower_control) by extension 'colcon_meta'
[0.630s] Level 1:colcon.colcon_core.package_identification:_identify(src/turtlebot3_follower_control) by extensions ['ros']
[0.630s] Level 1:colcon.colcon_core.package_identification:_identify(src/turtlebot3_follower_control) by extension 'ros'
[0.635s] DEBUG:colcon.colcon_core.package_identification:Package 'src/turtlebot3_follower_control' with type 'ros.ament_python' and name 'turtlebot3_follower_control'
[0.635s] Level 1:colcon.colcon_core.package_identification:_identify(src/turtlebot3_lane_changing_leader) by extensions ['ignore', 'ignore_ament_install']
[0.635s] Level 1:colcon.colcon_core.package_identification:_identify(src/turtlebot3_lane_changing_leader) by extension 'ignore'
[0.635s] Level 1:colcon.colcon_core.package_identification:_identify(src/turtlebot3_lane_changing_leader) by extension 'ignore_ament_install'
[0.635s] Level 1:colcon.colcon_core.package_identification:_identify(src/turtlebot3_lane_changing_leader) by extensions ['colcon_pkg']
[0.635s] Level 1:colcon.colcon_core.package_identification:_identify(src/turtlebot3_lane_changing_leader) by extension 'colcon_pkg'
[0.635s] Level 1:colcon.colcon_core.package_identification:_identify(src/turtlebot3_lane_changing_leader) by extensions ['colcon_meta']
[0.635s] Level 1:colcon.colcon_core.package_identification:_identify(src/turtlebot3_lane_changing_leader) by extension 'colcon_meta'
[0.635s] Level 1:colcon.colcon_core.package_identification:_identify(src/turtlebot3_lane_changing_leader) by extensions ['ros']
[0.635s] Level 1:colcon.colcon_core.package_identification:_identify(src/turtlebot3_lane_changing_leader) by extension 'ros'
[0.637s] DEBUG:colcon.colcon_core.package_identification:Package 'src/turtlebot3_lane_changing_leader' with type 'ros.ament_python' and name 'turtlebot3_lane_changing_leader'
[0.637s] Level 1:colcon.colcon_core.package_identification:_identify(src/turtlebot3_multi_robot) by extensions ['ignore', 'ignore_ament_install']
[0.637s] Level 1:colcon.colcon_core.package_identification:_identify(src/turtlebot3_multi_robot) by extension 'ignore'
[0.637s] Level 1:colcon.colcon_core.package_identification:_identify(src/turtlebot3_multi_robot) by extension 'ignore_ament_install'
[0.637s] Level 1:colcon.colcon_core.package_identification:_identify(src/turtlebot3_multi_robot) by extensions ['colcon_pkg']
[0.637s] Level 1:colcon.colcon_core.package_identification:_identify(src/turtlebot3_multi_robot) by extension 'colcon_pkg'
[0.637s] Level 1:colcon.colcon_core.package_identification:_identify(src/turtlebot3_multi_robot) by extensions ['colcon_meta']
[0.637s] Level 1:colcon.colcon_core.package_identification:_identify(src/turtlebot3_multi_robot) by extension 'colcon_meta'
[0.637s] Level 1:colcon.colcon_core.package_identification:_identify(src/turtlebot3_multi_robot) by extensions ['ros']
[0.637s] Level 1:colcon.colcon_core.package_identification:_identify(src/turtlebot3_multi_robot) by extension 'ros'
[0.639s] DEBUG:colcon.colcon_core.package_identification:Package 'src/turtlebot3_multi_robot' with type 'ros.ament_cmake' and name 'turtlebot3_multi_robot'
[0.639s] Level 1:colcon.colcon_core.package_discovery:discover_packages(recursive) using defaults
[0.639s] Level 1:colcon.colcon_core.package_discovery:discover_packages(ignore) discover
[0.639s] Level 1:colcon.colcon_core.package_discovery:discover_packages(ignore) using defaults
[0.639s] Level 1:colcon.colcon_core.package_discovery:discover_packages(path) discover
[0.639s] Level 1:colcon.colcon_core.package_discovery:discover_packages(path) using defaults
[0.690s] Level 1:colcon.colcon_core.package_discovery:discover_packages(prefix_path) check parameters
[0.690s] Level 1:colcon.colcon_core.package_discovery:discover_packages(prefix_path) discover
[0.700s] DEBUG:colcon.colcon_installed_package_information.package_discovery:Found 5 installed packages in /home/kush/robot_ws/install
[0.702s] DEBUG:colcon.colcon_installed_package_information.package_discovery:Found 15 installed packages in /home/kush/turtlebot3_ws/install
[0.705s] DEBUG:colcon.colcon_installed_package_information.package_discovery:Found 397 installed packages in /opt/ros/humble
[0.707s] Level 1:colcon.colcon_core.package_discovery:discover_packages(prefix_path) using defaults
[0.844s] Level 5:colcon.colcon_core.verb:set package 'turtlebot3_follower_control' build argument 'cmake_args' from command line to 'None'
[0.844s] Level 5:colcon.colcon_core.verb:set package 'turtlebot3_follower_control' build argument 'cmake_target' from command line to 'None'
[0.844s] Level 5:colcon.colcon_core.verb:set package 'turtlebot3_follower_control' build argument 'cmake_target_skip_unavailable' from command line to 'False'
[0.844s] Level 5:colcon.colcon_core.verb:set package 'turtlebot3_follower_control' build argument 'cmake_clean_cache' from command line to 'False'
[0.844s] Level 5:colcon.colcon_core.verb:set package 'turtlebot3_follower_control' build argument 'cmake_clean_first' from command line to 'False'
[0.844s] Level 5:colcon.colcon_core.verb:set package 'turtlebot3_follower_control' build argument 'cmake_force_configure' from command line to 'False'
[0.844s] Level 5:colcon.colcon_core.verb:set package 'turtlebot3_follower_control' build argument 'ament_cmake_args' from command line to 'None'
[0.844s] Level 5:colcon.colcon_core.verb:set package 'turtlebot3_follower_control' build argument 'catkin_cmake_args' from command line to 'None'
[0.844s] Level 5:colcon.colcon_core.verb:set package 'turtlebot3_follower_control' build argument 'catkin_skip_building_tests' from command line to 'False'
[0.844s] DEBUG:colcon.colcon_core.verb:Building package 'turtlebot3_follower_control' with the following arguments: {'ament_cmake_args': None, 'build_base': '/home/kush/robot_ws/build/turtlebot3_follower_control', 'catkin_cmake_args': None, 'catkin_skip_building_tests': False, 'cmake_args': None, 'cmake_clean_cache': False, 'cmake_clean_first': False, 'cmake_force_configure': False, 'cmake_target': None, 'cmake_target_skip_unavailable': False, 'install_base': '/home/kush/robot_ws/install/turtlebot3_follower_control', 'merge_install': False, 'path': '/home/kush/robot_ws/src/turtlebot3_follower_control', 'symlink_install': True, 'test_result_base': None}
[0.844s] Level 5:colcon.colcon_core.verb:set package 'turtlebot3_lane_changing_leader' build argument 'cmake_args' from command line to 'None'
[0.845s] Level 5:colcon.colcon_core.verb:set package 'turtlebot3_lane_changing_leader' build argument 'cmake_target' from command line to 'None'
[0.845s] Level 5:colcon.colcon_core.verb:set package 'turtlebot3_lane_changing_leader' build argument 'cmake_target_skip_unavailable' from command line to 'False'
[0.845s] Level 5:colcon.colcon_core.verb:set package 'turtlebot3_lane_changing_leader' build argument 'cmake_clean_cache' from command line to 'False'
[0.845s] Level 5:colcon.colcon_core.verb:set package 'turtlebot3_lane_changing_leader' build argument 'cmake_clean_first' from command line to 'False'
[0.845s] Level 5:colcon.colcon_core.verb:set package 'turtlebot3_lane_changing_leader' build argument 'cmake_force_configure' from command line to 'False'
[0.845s] Level 5:colcon.colcon_core.verb:set package 'turtlebot3_lane_changing_leader' build argument 'ament_cmake_args' from command line to 'None'
[0.845s] Level 5:colcon.colcon_core.verb:set package 'turtlebot3_lane_changing_leader' build argument 'catkin_cmake_args' from command line to 'None'
[0.845s] Level 5:colcon.colcon_core.verb:set package 'turtlebot3_lane_changing_leader' build argument 'catkin_skip_building_tests' from command line to 'False'
[0.845s] DEBUG:colcon.colcon_core.verb:Building package 'turtlebot3_lane_changing_leader' with the following arguments: {'ament_cmake_args': None, 'build_base': '/home/kush/robot_ws/build/turtlebot3_lane_changing_leader', 'catkin_cmake_args': None, 'catkin_skip_building_tests': False, 'cmake_args': None, 'cmake_clean_cache': False, 'cmake_clean_first': False, 'cmake_force_configure': False, 'cmake_target': None, 'cmake_target_skip_unavailable': False, 'install_base': '/home/kush/robot_ws/install/turtlebot3_lane_changing_leader', 'merge_install': False, 'path': '/home/kush/robot_ws/src/turtlebot3_lane_changing_leader', 'symlink_install': True, 'test_result_base': None}
[0.845s] Level 5:colcon.colcon_core.verb:set package 'turtlebot3_multi_robot' build argument 'cmake_args' from command line to 'None'
[0.845s] Level 5:colcon.colcon_core.verb:set package 'turtlebot3_multi_robot' build argument 'cmake_target' from command line to 'None'
[0.845s] Level 5:colcon.colcon_core.verb:set package 'turtlebot3_multi_robot' build argument 'cmake_target_skip_unavailable' from command line to 'False'
[0.845s] Level 5:colcon.colcon_core.verb:set package 'turtlebot3_multi_robot' build argument 'cmake_clean_cache' from command line to 'False'
[0.845s] Level 5:colcon.colcon_core.verb:set package 'turtlebot3_multi_robot' build argument 'cmake_clean_first' from command line to 'False'
[0.845s] Level 5:colcon.colcon_core.verb:set package 'turtlebot3_multi_robot' build argument 'cmake_force_configure' from command line to 'False'
[0.845s] Level 5:colcon.colcon_core.verb:set package 'turtlebot3_multi_robot' build argument 'ament_cmake_args' from command line to 'None'
[0.845s] Level 5:colcon.colcon_core.verb:set package 'turtlebot3_multi_robot' build argument 'catkin_cmake_args' from command line to 'None'
[0.845s] Level 5:colcon.colcon_core.verb:set package 'turtlebot3_multi_robot' build argument 'catkin_skip_building_tests' from command line to 'False'
[0.845s] DEBUG:colcon.colcon_core.verb:Building package 'turtlebot3_multi_robot' with the following arguments: {'ament_cmake_args': None, 'build_base': '/home/kush/robot_ws/build/turtlebot3_multi_robot', 'catkin_cmake_args': None, 'catkin_skip_building_tests': False, 'cmake_args': None, 'cmake_clean_cache': False, 'cmake_clean_first': False, 'cmake_force_configure': False, 'cmake_target': None, 'cmake_target_skip_unavailable': False, 'install_base': '/home/kush/robot_ws/install/turtlebot3_multi_robot', 'merge_install': False, 'path': '/home/kush/robot_ws/src/turtlebot3_multi_robot', 'symlink_install': True, 'test_result_base': None}
[0.845s] INFO:colcon.colcon_core.executor:Executing jobs using 'parallel' executor
[0.847s] DEBUG:colcon.colcon_parallel_executor.executor.parallel:run_until_complete
[0.847s] INFO:colcon.colcon_ros.task.ament_python.build:Building ROS package in '/home/kush/robot_ws/src/turtlebot3_follower_control' with build type 'ament_python'
[0.847s] Level 1:colcon.colcon_core.shell:create_environment_hook('turtlebot3_follower_control', 'ament_prefix_path')
[0.853s] INFO:colcon.colcon_core.plugin_system:Skipping extension 'colcon_core.shell.bat': Not used on non-Windows systems
[0.854s] INFO:colcon.colcon_core.shell:Creating environment hook '/home/kush/robot_ws/install/turtlebot3_follower_control/share/turtlebot3_follower_control/hook/ament_prefix_path.ps1'
[0.855s] INFO:colcon.colcon_core.shell:Creating environment descriptor '/home/kush/robot_ws/install/turtlebot3_follower_control/share/turtlebot3_follower_control/hook/ament_prefix_path.dsv'
[0.856s] INFO:colcon.colcon_core.shell:Creating environment hook '/home/kush/robot_ws/install/turtlebot3_follower_control/share/turtlebot3_follower_control/hook/ament_prefix_path.sh'
[0.857s] INFO:colcon.colcon_core.shell:Skip shell extension 'powershell' for command environment: Not usable outside of PowerShell
[0.857s] DEBUG:colcon.colcon_core.shell:Skip shell extension 'dsv' for command environment
[0.864s] INFO:colcon.colcon_ros.task.ament_python.build:Building ROS package in '/home/kush/robot_ws/src/turtlebot3_lane_changing_leader' with build type 'ament_python'
[0.864s] Level 1:colcon.colcon_core.shell:create_environment_hook('turtlebot3_lane_changing_leader', 'ament_prefix_path')
[0.864s] INFO:colcon.colcon_core.shell:Creating environment hook '/home/kush/robot_ws/install/turtlebot3_lane_changing_leader/share/turtlebot3_lane_changing_leader/hook/ament_prefix_path.ps1'
[0.865s] INFO:colcon.colcon_core.shell:Creating environment descriptor '/home/kush/robot_ws/install/turtlebot3_lane_changing_leader/share/turtlebot3_lane_changing_leader/hook/ament_prefix_path.dsv'
[0.866s] INFO:colcon.colcon_core.shell:Creating environment hook '/home/kush/robot_ws/install/turtlebot3_lane_changing_leader/share/turtlebot3_lane_changing_leader/hook/ament_prefix_path.sh'
[0.867s] INFO:colcon.colcon_core.shell:Skip shell extension 'powershell' for command environment: Not usable outside of PowerShell
[0.867s] DEBUG:colcon.colcon_core.shell:Skip shell extension 'dsv' for command environment
[0.872s] INFO:colcon.colcon_ros.task.ament_cmake.build:Building ROS package in '/home/kush/robot_ws/src/turtlebot3_multi_robot' with build type 'ament_cmake'
[0.873s] INFO:colcon.colcon_cmake.task.cmake.build:Building CMake package in '/home/kush/robot_ws/src/turtlebot3_multi_robot'
[0.873s] INFO:colcon.colcon_core.shell:Skip shell extension 'powershell' for command environment: Not usable outside of PowerShell
[0.873s] DEBUG:colcon.colcon_core.shell:Skip shell extension 'dsv' for command environment
[1.201s] WARNING:colcon.colcon_ros.task.ament_python.build:Package 'turtlebot3_follower_control' doesn't explicitly install a marker in the package index (colcon-ros currently does it implicitly but that fallback will be removed in the future)
[1.202s] INFO:colcon.colcon_core.task.python.build:Building Python package in '/home/kush/robot_ws/src/turtlebot3_follower_control'
[1.202s] INFO:colcon.colcon_core.shell:Skip shell extension 'powershell' for command environment: Not usable outside of PowerShell
[1.202s] DEBUG:colcon.colcon_core.shell:Skip shell extension 'dsv' for command environment
[1.526s] INFO:colcon.colcon_core.task.python.build:Building Python package in '/home/kush/robot_ws/src/turtlebot3_lane_changing_leader'
[1.526s] INFO:colcon.colcon_core.shell:Skip shell extension 'powershell' for command environment: Not usable outside of PowerShell
[1.526s] DEBUG:colcon.colcon_core.shell:Skip shell extension 'dsv' for command environment
[1.538s] DEBUG:colcon.colcon_core.event_handler.log_command:Invoking command in '/home/kush/robot_ws/build/turtlebot3_multi_robot': CMAKE_PREFIX_PATH=${CMAKE_PREFIX_PATH}:/home/kush/robot_ws/install/turtlebot3_lane_changing_leader:/home/kush/robot_ws/install/turtlebot3_follower_control:/home/kush/turtlebot3_ws/install/turtlebot3_teleop:/home/kush/turtlebot3_ws/install/turtlebot3_example:/opt/ros/humble /usr/bin/cmake --build /home/kush/robot_ws/build/turtlebot3_multi_robot -- -j5 -l5
[1.665s] DEBUG:colcon.colcon_core.event_handler.log_command:Invoked command in '/home/kush/robot_ws/build/turtlebot3_multi_robot' returned '0': CMAKE_PREFIX_PATH=${CMAKE_PREFIX_PATH}:/home/kush/robot_ws/install/turtlebot3_lane_changing_leader:/home/kush/robot_ws/install/turtlebot3_follower_control:/home/kush/turtlebot3_ws/install/turtlebot3_teleop:/home/kush/turtlebot3_ws/install/turtlebot3_example:/opt/ros/humble /usr/bin/cmake --build /home/kush/robot_ws/build/turtlebot3_multi_robot -- -j5 -l5
[1.684s] DEBUG:colcon.colcon_core.event_handler.log_command:Invoking command in '/home/kush/robot_ws/build/turtlebot3_multi_robot': CMAKE_PREFIX_PATH=${CMAKE_PREFIX_PATH}:/home/kush/robot_ws/install/turtlebot3_lane_changing_leader:/home/kush/robot_ws/install/turtlebot3_follower_control:/home/kush/turtlebot3_ws/install/turtlebot3_teleop:/home/kush/turtlebot3_ws/install/turtlebot3_example:/opt/ros/humble /usr/bin/cmake --install /home/kush/robot_ws/build/turtlebot3_multi_robot
[1.739s] Level 1:colcon.colcon_core.environment:create_environment_scripts_only(turtlebot3_multi_robot)
[1.739s] DEBUG:colcon.colcon_core.event_handler.log_command:Invoked command in '/home/kush/robot_ws/build/turtlebot3_multi_robot' returned '0': CMAKE_PREFIX_PATH=${CMAKE_PREFIX_PATH}:/home/kush/robot_ws/install/turtlebot3_lane_changing_leader:/home/kush/robot_ws/install/turtlebot3_follower_control:/home/kush/turtlebot3_ws/install/turtlebot3_teleop:/home/kush/turtlebot3_ws/install/turtlebot3_example:/opt/ros/humble /usr/bin/cmake --install /home/kush/robot_ws/build/turtlebot3_multi_robot
[1.747s] Level 1:colcon.colcon_core.environment:checking '/home/kush/robot_ws/install/turtlebot3_multi_robot' for CMake module files
[1.748s] Level 1:colcon.colcon_core.environment:checking '/home/kush/robot_ws/install/turtlebot3_multi_robot' for CMake config files
[1.750s] Level 1:colcon.colcon_core.shell:create_environment_hook('turtlebot3_multi_robot', 'cmake_prefix_path')
[1.750s] INFO:colcon.colcon_core.shell:Creating environment hook '/home/kush/robot_ws/install/turtlebot3_multi_robot/share/turtlebot3_multi_robot/hook/cmake_prefix_path.ps1'
[1.751s] INFO:colcon.colcon_core.shell:Creating environment descriptor '/home/kush/robot_ws/install/turtlebot3_multi_robot/share/turtlebot3_multi_robot/hook/cmake_prefix_path.dsv'
[1.751s] INFO:colcon.colcon_core.shell:Creating environment hook '/home/kush/robot_ws/install/turtlebot3_multi_robot/share/turtlebot3_multi_robot/hook/cmake_prefix_path.sh'
[1.752s] Level 1:colcon.colcon_core.environment:checking '/home/kush/robot_ws/install/turtlebot3_multi_robot/bin'
[1.752s] Level 1:colcon.colcon_core.environment:checking '/home/kush/robot_ws/install/turtlebot3_multi_robot/lib/pkgconfig/turtlebot3_multi_robot.pc'
[1.753s] Level 1:colcon.colcon_core.environment:checking '/home/kush/robot_ws/install/turtlebot3_multi_robot/lib/python3.10/site-packages'
[1.753s] Level 1:colcon.colcon_core.environment:checking '/home/kush/robot_ws/install/turtlebot3_multi_robot/bin'
[1.753s] INFO:colcon.colcon_core.shell:Creating package script '/home/kush/robot_ws/install/turtlebot3_multi_robot/share/turtlebot3_multi_robot/package.ps1'
[1.755s] INFO:colcon.colcon_core.shell:Creating package descriptor '/home/kush/robot_ws/install/turtlebot3_multi_robot/share/turtlebot3_multi_robot/package.dsv'
[1.756s] INFO:colcon.colcon_core.shell:Creating package script '/home/kush/robot_ws/install/turtlebot3_multi_robot/share/turtlebot3_multi_robot/package.sh'
[1.758s] INFO:colcon.colcon_core.shell:Creating package script '/home/kush/robot_ws/install/turtlebot3_multi_robot/share/turtlebot3_multi_robot/package.bash'
[1.761s] INFO:colcon.colcon_core.shell:Creating package script '/home/kush/robot_ws/install/turtlebot3_multi_robot/share/turtlebot3_multi_robot/package.zsh'
[1.763s] Level 1:colcon.colcon_core.environment:create_file_with_runtime_dependencies(/home/kush/robot_ws/install/turtlebot3_multi_robot/share/colcon-core/packages/turtlebot3_multi_robot)
[1.763s] Level 1:colcon.colcon_core.environment:create_environment_scripts_only(turtlebot3_multi_robot)
[1.764s] Level 1:colcon.colcon_core.environment:checking '/home/kush/robot_ws/install/turtlebot3_multi_robot' for CMake module files
[1.764s] Level 1:colcon.colcon_core.environment:checking '/home/kush/robot_ws/install/turtlebot3_multi_robot' for CMake config files
[1.764s] Level 1:colcon.colcon_core.shell:create_environment_hook('turtlebot3_multi_robot', 'cmake_prefix_path')
[1.765s] INFO:colcon.colcon_core.shell:Creating environment hook '/home/kush/robot_ws/install/turtlebot3_multi_robot/share/turtlebot3_multi_robot/hook/cmake_prefix_path.ps1'
[1.765s] INFO:colcon.colcon_core.shell:Creating environment descriptor '/home/kush/robot_ws/install/turtlebot3_multi_robot/share/turtlebot3_multi_robot/hook/cmake_prefix_path.dsv'
[1.766s] INFO:colcon.colcon_core.shell:Creating environment hook '/home/kush/robot_ws/install/turtlebot3_multi_robot/share/turtlebot3_multi_robot/hook/cmake_prefix_path.sh'
[1.767s] Level 1:colcon.colcon_core.environment:checking '/home/kush/robot_ws/install/turtlebot3_multi_robot/bin'
[1.767s] Level 1:colcon.colcon_core.environment:checking '/home/kush/robot_ws/install/turtlebot3_multi_robot/lib/pkgconfig/turtlebot3_multi_robot.pc'
[1.767s] Level 1:colcon.colcon_core.environment:checking '/home/kush/robot_ws/install/turtlebot3_multi_robot/lib/python3.10/site-packages'
[1.767s] Level 1:colcon.colcon_core.environment:checking '/home/kush/robot_ws/install/turtlebot3_multi_robot/bin'
[1.768s] INFO:colcon.colcon_core.shell:Creating package script '/home/kush/robot_ws/install/turtlebot3_multi_robot/share/turtlebot3_multi_robot/package.ps1'
[1.768s] INFO:colcon.colcon_core.shell:Creating package descriptor '/home/kush/robot_ws/install/turtlebot3_multi_robot/share/turtlebot3_multi_robot/package.dsv'
[1.769s] INFO:colcon.colcon_core.shell:Creating package script '/home/kush/robot_ws/install/turtlebot3_multi_robot/share/turtlebot3_multi_robot/package.sh'
[1.770s] INFO:colcon.colcon_core.shell:Creating package script '/home/kush/robot_ws/install/turtlebot3_multi_robot/share/turtlebot3_multi_robot/package.bash'
[1.770s] INFO:colcon.colcon_core.shell:Creating package script '/home/kush/robot_ws/install/turtlebot3_multi_robot/share/turtlebot3_multi_robot/package.zsh'
[1.771s] Level 1:colcon.colcon_core.environment:create_file_with_runtime_dependencies(/home/kush/robot_ws/install/turtlebot3_multi_robot/share/colcon-core/packages/turtlebot3_multi_robot)
[2.172s] DEBUG:colcon.colcon_core.event_handler.log_command:Invoking command in '/home/kush/robot_ws/build/turtlebot3_lane_changing_leader': PYTHONPATH=/home/kush/robot_ws/build/turtlebot3_lane_changing_leader/prefix_override:/usr/lib/python3/dist-packages/colcon_core/task/python/colcon_distutils_commands:/home/kush/robot_ws/install/turtlebot3_lane_changing_leader/lib/python3.10/site-packages:${PYTHONPATH} /usr/bin/python3 -W ignore:setup.py install is deprecated -W ignore:easy_install command is deprecated setup.py develop --editable --build-directory /home/kush/robot_ws/build/turtlebot3_lane_changing_leader/build --no-deps symlink_data
[2.177s] DEBUG:colcon.colcon_core.event_handler.log_command:Invoking command in '/home/kush/robot_ws/build/turtlebot3_follower_control': PYTHONPATH=/home/kush/robot_ws/build/turtlebot3_follower_control/prefix_override:/usr/lib/python3/dist-packages/colcon_core/task/python/colcon_distutils_commands:/home/kush/robot_ws/install/turtlebot3_follower_control/lib/python3.10/site-packages:${PYTHONPATH} /usr/bin/python3 -W ignore:setup.py install is deprecated -W ignore:easy_install command is deprecated setup.py develop --editable --build-directory /home/kush/robot_ws/build/turtlebot3_follower_control/build --no-deps symlink_data
[2.732s] Level 1:colcon.colcon_core.shell:create_environment_hook('turtlebot3_lane_changing_leader', 'pythonpath_develop')
[2.733s] INFO:colcon.colcon_core.shell:Creating environment hook '/home/kush/robot_ws/build/turtlebot3_lane_changing_leader/share/turtlebot3_lane_changing_leader/hook/pythonpath_develop.ps1'
[2.734s] DEBUG:colcon.colcon_core.event_handler.log_command:Invoked command in '/home/kush/robot_ws/build/turtlebot3_lane_changing_leader' returned '0': PYTHONPATH=/home/kush/robot_ws/build/turtlebot3_lane_changing_leader/prefix_override:/usr/lib/python3/dist-packages/colcon_core/task/python/colcon_distutils_commands:/home/kush/robot_ws/install/turtlebot3_lane_changing_leader/lib/python3.10/site-packages:${PYTHONPATH} /usr/bin/python3 -W ignore:setup.py install is deprecated -W ignore:easy_install command is deprecated setup.py develop --editable --build-directory /home/kush/robot_ws/build/turtlebot3_lane_changing_leader/build --no-deps symlink_data
[2.734s] INFO:colcon.colcon_core.shell:Creating environment descriptor '/home/kush/robot_ws/build/turtlebot3_lane_changing_leader/share/turtlebot3_lane_changing_leader/hook/pythonpath_develop.dsv'
[2.735s] INFO:colcon.colcon_core.shell:Creating environment hook '/home/kush/robot_ws/build/turtlebot3_lane_changing_leader/share/turtlebot3_lane_changing_leader/hook/pythonpath_develop.sh'
[2.735s] Level 1:colcon.colcon_core.environment:checking '/home/kush/robot_ws/install/turtlebot3_lane_changing_leader' for CMake module files
[2.736s] Level 1:colcon.colcon_core.environment:checking '/home/kush/robot_ws/install/turtlebot3_lane_changing_leader' for CMake config files
[2.739s] Level 1:colcon.colcon_core.environment:checking '/home/kush/robot_ws/install/turtlebot3_lane_changing_leader/lib'
[2.739s] Level 1:colcon.colcon_core.environment:checking '/home/kush/robot_ws/install/turtlebot3_lane_changing_leader/bin'
[2.740s] Level 1:colcon.colcon_core.environment:checking '/home/kush/robot_ws/install/turtlebot3_lane_changing_leader/lib/pkgconfig/turtlebot3_lane_changing_leader.pc'
[2.740s] Level 1:colcon.colcon_core.environment:checking '/home/kush/robot_ws/install/turtlebot3_lane_changing_leader/lib/python3.10/site-packages'
[2.740s] Level 1:colcon.colcon_core.shell:create_environment_hook('turtlebot3_lane_changing_leader', 'pythonpath')
[2.740s] INFO:colcon.colcon_core.shell:Creating environment hook '/home/kush/robot_ws/install/turtlebot3_lane_changing_leader/share/turtlebot3_lane_changing_leader/hook/pythonpath.ps1'
[2.741s] INFO:colcon.colcon_core.shell:Creating environment descriptor '/home/kush/robot_ws/install/turtlebot3_lane_changing_leader/share/turtlebot3_lane_changing_leader/hook/pythonpath.dsv'
[2.741s] INFO:colcon.colcon_core.shell:Creating environment hook '/home/kush/robot_ws/install/turtlebot3_lane_changing_leader/share/turtlebot3_lane_changing_leader/hook/pythonpath.sh'
[2.742s] Level 1:colcon.colcon_core.environment:checking '/home/kush/robot_ws/install/turtlebot3_lane_changing_leader/bin'
[2.742s] Level 1:colcon.colcon_core.environment:create_environment_scripts_only(turtlebot3_lane_changing_leader)
[2.742s] INFO:colcon.colcon_core.shell:Creating package script '/home/kush/robot_ws/install/turtlebot3_lane_changing_leader/share/turtlebot3_lane_changing_leader/package.ps1'
[2.743s] INFO:colcon.colcon_core.shell:Creating package descriptor '/home/kush/robot_ws/install/turtlebot3_lane_changing_leader/share/turtlebot3_lane_changing_leader/package.dsv'
[2.743s] INFO:colcon.colcon_core.shell:Creating package script '/home/kush/robot_ws/install/turtlebot3_lane_changing_leader/share/turtlebot3_lane_changing_leader/package.sh'
[2.744s] INFO:colcon.colcon_core.shell:Creating package script '/home/kush/robot_ws/install/turtlebot3_lane_changing_leader/share/turtlebot3_lane_changing_leader/package.bash'
[2.744s] INFO:colcon.colcon_core.shell:Creating package script '/home/kush/robot_ws/install/turtlebot3_lane_changing_leader/share/turtlebot3_lane_changing_leader/package.zsh'
[2.745s] Level 1:colcon.colcon_core.environment:create_file_with_runtime_dependencies(/home/kush/robot_ws/install/turtlebot3_lane_changing_leader/share/colcon-core/packages/turtlebot3_lane_changing_leader)
[2.784s] Level 1:colcon.colcon_core.shell:create_environment_hook('turtlebot3_follower_control', 'pythonpath_develop')
[2.784s] INFO:colcon.colcon_core.shell:Creating environment hook '/home/kush/robot_ws/build/turtlebot3_follower_control/share/turtlebot3_follower_control/hook/pythonpath_develop.ps1'
[2.785s] DEBUG:colcon.colcon_core.event_handler.log_command:Invoked command in '/home/kush/robot_ws/build/turtlebot3_follower_control' returned '0': PYTHONPATH=/home/kush/robot_ws/build/turtlebot3_follower_control/prefix_override:/usr/lib/python3/dist-packages/colcon_core/task/python/colcon_distutils_commands:/home/kush/robot_ws/install/turtlebot3_follower_control/lib/python3.10/site-packages:${PYTHONPATH} /usr/bin/python3 -W ignore:setup.py install is deprecated -W ignore:easy_install command is deprecated setup.py develop --editable --build-directory /home/kush/robot_ws/build/turtlebot3_follower_control/build --no-deps symlink_data
[2.785s] INFO:colcon.colcon_core.shell:Creating environment descriptor '/home/kush/robot_ws/build/turtlebot3_follower_control/share/turtlebot3_follower_control/hook/pythonpath_develop.dsv'
[2.786s] INFO:colcon.colcon_core.shell:Creating environment hook '/home/kush/robot_ws/build/turtlebot3_follower_control/share/turtlebot3_follower_control/hook/pythonpath_develop.sh'
[2.787s] Level 1:colcon.colcon_core.environment:checking '/home/kush/robot_ws/install/turtlebot3_follower_control' for CMake module files
[2.787s] Level 1:colcon.colcon_core.environment:checking '/home/kush/robot_ws/install/turtlebot3_follower_control' for CMake config files
[2.790s] Level 1:colcon.colcon_core.environment:checking '/home/kush/robot_ws/install/turtlebot3_follower_control/lib'
[2.790s] Level 1:colcon.colcon_core.environment:checking '/home/kush/robot_ws/install/turtlebot3_follower_control/bin'
[2.790s] Level 1:colcon.colcon_core.environment:checking '/home/kush/robot_ws/install/turtlebot3_follower_control/lib/pkgconfig/turtlebot3_follower_control.pc'
[2.791s] Level 1:colcon.colcon_core.environment:checking '/home/kush/robot_ws/install/turtlebot3_follower_control/lib/python3.10/site-packages'
[2.791s] Level 1:colcon.colcon_core.shell:create_environment_hook('turtlebot3_follower_control', 'pythonpath')
[2.791s] INFO:colcon.colcon_core.shell:Creating environment hook '/home/kush/robot_ws/install/turtlebot3_follower_control/share/turtlebot3_follower_control/hook/pythonpath.ps1'
[2.791s] INFO:colcon.colcon_core.shell:Creating environment descriptor '/home/kush/robot_ws/install/turtlebot3_follower_control/share/turtlebot3_follower_control/hook/pythonpath.dsv'
[2.792s] INFO:colcon.colcon_core.shell:Creating environment hook '/home/kush/robot_ws/install/turtlebot3_follower_control/share/turtlebot3_follower_control/hook/pythonpath.sh'
[2.792s] Level 1:colcon.colcon_core.environment:checking '/home/kush/robot_ws/install/turtlebot3_follower_control/bin'
[2.793s] Level 1:colcon.colcon_core.environment:create_environment_scripts_only(turtlebot3_follower_control)
[2.793s] INFO:colcon.colcon_core.shell:Creating package script '/home/kush/robot_ws/install/turtlebot3_follower_control/share/turtlebot3_follower_control/package.ps1'
[2.794s] INFO:colcon.colcon_core.shell:Creating package descriptor '/home/kush/robot_ws/install/turtlebot3_follower_control/share/turtlebot3_follower_control/package.dsv'
[2.794s] INFO:colcon.colcon_core.shell:Creating package script '/home/kush/robot_ws/install/turtlebot3_follower_control/share/turtlebot3_follower_control/package.sh'
[2.795s] INFO:colcon.colcon_core.shell:Creating package script '/home/kush/robot_ws/install/turtlebot3_follower_control/share/turtlebot3_follower_control/package.bash'
[2.795s] INFO:colcon.colcon_core.shell:Creating package script '/home/kush/robot_ws/install/turtlebot3_follower_control/share/turtlebot3_follower_control/package.zsh'
[2.795s] Level 1:colcon.colcon_core.environment:create_file_with_runtime_dependencies(/home/kush/robot_ws/install/turtlebot3_follower_control/share/colcon-core/packages/turtlebot3_follower_control)
[2.796s] DEBUG:colcon.colcon_parallel_executor.executor.parallel:closing loop
[2.796s] DEBUG:colcon.colcon_parallel_executor.executor.parallel:loop closed
[2.796s] DEBUG:colcon.colcon_parallel_executor.executor.parallel:run_until_complete finished with '0'
[2.796s] DEBUG:colcon.colcon_core.event_reactor:joining thread
[2.808s] INFO:colcon.colcon_core.plugin_system:Skipping extension 'colcon_notification.desktop_notification.terminal_notifier': Not used on non-Darwin systems
[2.808s] INFO:colcon.colcon_core.plugin_system:Skipping extension 'colcon_notification.desktop_notification.win32': Not used on non-Windows systems
[2.808s] INFO:colcon.colcon_notification.desktop_notification:Sending desktop notification using 'notify2'
[2.825s] DEBUG:colcon.colcon_core.event_reactor:joined thread
[2.826s] INFO:colcon.colcon_core.shell:Creating prefix script '/home/kush/robot_ws/install/local_setup.ps1'
[2.827s] INFO:colcon.colcon_core.shell:Creating prefix util module '/home/kush/robot_ws/install/_local_setup_util_ps1.py'
[2.833s] INFO:colcon.colcon_core.shell:Creating prefix chain script '/home/kush/robot_ws/install/setup.ps1'
[2.836s] INFO:colcon.colcon_core.shell:Creating prefix script '/home/kush/robot_ws/install/local_setup.sh'
[2.838s] INFO:colcon.colcon_core.shell:Creating prefix util module '/home/kush/robot_ws/install/_local_setup_util_sh.py'
[2.839s] INFO:colcon.colcon_core.shell:Creating prefix chain script '/home/kush/robot_ws/install/setup.sh'
[2.843s] INFO:colcon.colcon_core.shell:Creating prefix script '/home/kush/robot_ws/install/local_setup.bash'
[2.844s] INFO:colcon.colcon_core.shell:Creating prefix chain script '/home/kush/robot_ws/install/setup.bash'
[2.847s] INFO:colcon.colcon_core.shell:Creating prefix script '/home/kush/robot_ws/install/local_setup.zsh'
[2.851s] INFO:colcon.colcon_core.shell:Creating prefix chain script '/home/kush/robot_ws/install/setup.zsh'
