-- The C compiler identification is GNU 11.4.0
-- The CXX compiler identification is GNU 11.4.0
-- Detecting C compiler ABI info
-- Detecting C compiler ABI info - done
-- Check for working C compiler: /usr/bin/cc - skipped
-- Detecting C compile features
-- Detecting C compile features - done
-- Detecting CXX compiler ABI info
-- Detecting CXX compiler ABI info - done
-- Check for working CXX compiler: /usr/bin/c++ - skipped
-- Detecting CXX compile features
-- Detecting CXX compile features - done
-- Found ament_cmake: 1.3.11 (/opt/ros/humble/share/ament_cmake/cmake)
-- Found Python3: /usr/bin/python3 (found version "3.10.12") found components: Interpreter 
-- Found rclpy: 3.3.15 (/opt/ros/humble/share/rclpy/cmake)
-- Found rclcpp: 16.0.11 (/opt/ros/humble/share/rclcpp/cmake)
-- Found rosidl_generator_c: 3.1.6 (/opt/ros/humble/share/rosidl_generator_c/cmake)
-- Found rosidl_adapter: 3.1.6 (/opt/ros/humble/share/rosidl_adapter/cmake)
-- Found rosidl_generator_cpp: 3.1.6 (/opt/ros/humble/share/rosidl_generator_cpp/cmake)
-- Using all available rosidl_typesupport_c: rosidl_typesupport_fastrtps_c;rosidl_typesupport_introspection_c
-- Using all available rosidl_typesupport_cpp: rosidl_typesupport_fastrtps_cpp;rosidl_typesupport_introspection_cpp
-- Found rmw_implementation_cmake: 6.1.2 (/opt/ros/humble/share/rmw_implementation_cmake/cmake)
-- Found rmw_fastrtps_cpp: 6.2.7 (/opt/ros/humble/share/rmw_fastrtps_cpp/cmake)
-- Found OpenSSL: /usr/lib/x86_64-linux-gnu/libcrypto.so (found version "3.0.2")  
-- Found FastRTPS: /opt/ros/humble/include  
-- Using RMW implementation 'rmw_fastrtps_cpp' as default
-- Looking for pthread.h
-- Looking for pthread.h - found
-- Performing Test CMAKE_HAVE_LIBC_PTHREAD
-- Performing Test CMAKE_HAVE_LIBC_PTHREAD - Success
-- Found Threads: TRUE  
-- Found rosidl_default_generators: 1.2.0 (/opt/ros/humble/share/rosidl_default_generators/cmake)
-- Found sensor_msgs: 4.2.4 (/opt/ros/humble/share/sensor_msgs/cmake)
-- Configuring done
-- Generating done
-- Build files have been written to: /home/kush/robot_ws/build/obstacle_avoidance_tb3
Built target ament_cmake_python_copy_obstacle_avoidance_tb3
running egg_info
creating obstacle_avoidance_tb3.egg-info
writing obstacle_avoidance_tb3.egg-info/PKG-INFO
writing dependency_links to obstacle_avoidance_tb3.egg-info/dependency_links.txt
writing top-level names to obstacle_avoidance_tb3.egg-info/top_level.txt
writing manifest file 'obstacle_avoidance_tb3.egg-info/SOURCES.txt'
reading manifest file 'obstacle_avoidance_tb3.egg-info/SOURCES.txt'
writing manifest file 'obstacle_avoidance_tb3.egg-info/SOURCES.txt'
Built target ament_cmake_python_build_obstacle_avoidance_tb3_egg
-- Install configuration: ""
-- Installing: /home/kush/robot_ws/install/obstacle_avoidance_tb3/share/obstacle_avoidance_tb3/launch
-- Installing: /home/kush/robot_ws/install/obstacle_avoidance_tb3/share/obstacle_avoidance_tb3/launch/launch.py
-- Installing: /home/kush/robot_ws/install/obstacle_avoidance_tb3/share/obstacle_avoidance_tb3/environment/pythonpath.sh
-- Installing: /home/kush/robot_ws/install/obstacle_avoidance_tb3/share/obstacle_avoidance_tb3/environment/pythonpath.dsv
-- Installing: /home/kush/robot_ws/install/obstacle_avoidance_tb3/local/lib/python3.10/dist-packages/obstacle_avoidance_tb3-0.0.0-py3.10.egg-info
-- Installing: /home/kush/robot_ws/install/obstacle_avoidance_tb3/local/lib/python3.10/dist-packages/obstacle_avoidance_tb3-0.0.0-py3.10.egg-info/SOURCES.txt
-- Installing: /home/kush/robot_ws/install/obstacle_avoidance_tb3/local/lib/python3.10/dist-packages/obstacle_avoidance_tb3-0.0.0-py3.10.egg-info/PKG-INFO
-- Installing: /home/kush/robot_ws/install/obstacle_avoidance_tb3/local/lib/python3.10/dist-packages/obstacle_avoidance_tb3-0.0.0-py3.10.egg-info/dependency_links.txt
-- Installing: /home/kush/robot_ws/install/obstacle_avoidance_tb3/local/lib/python3.10/dist-packages/obstacle_avoidance_tb3-0.0.0-py3.10.egg-info/top_level.txt
-- Installing: /home/kush/robot_ws/install/obstacle_avoidance_tb3/local/lib/python3.10/dist-packages/obstacle_avoidance_tb3
-- Installing: /home/kush/robot_ws/install/obstacle_avoidance_tb3/local/lib/python3.10/dist-packages/obstacle_avoidance_tb3/__init__.py
Listing '/home/kush/robot_ws/install/obstacle_avoidance_tb3/local/lib/python3.10/dist-packages/obstacle_avoidance_tb3'...
Compiling '/home/kush/robot_ws/install/obstacle_avoidance_tb3/local/lib/python3.10/dist-packages/obstacle_avoidance_tb3/__init__.py'...
-- Installing: /home/kush/robot_ws/install/obstacle_avoidance_tb3/lib/obstacle_avoidance_tb3/obstacle_avoidance.py
-- Installing: /home/kush/robot_ws/install/obstacle_avoidance_tb3/lib/obstacle_avoidance_tb3/turtlebot_teleop.py
-- Installing: /home/kush/robot_ws/install/obstacle_avoidance_tb3/share/ament_index/resource_index/package_run_dependencies/obstacle_avoidance_tb3
-- Installing: /home/kush/robot_ws/install/obstacle_avoidance_tb3/share/ament_index/resource_index/parent_prefix_path/obstacle_avoidance_tb3
-- Installing: /home/kush/robot_ws/install/obstacle_avoidance_tb3/share/obstacle_avoidance_tb3/environment/ament_prefix_path.sh
-- Installing: /home/kush/robot_ws/install/obstacle_avoidance_tb3/share/obstacle_avoidance_tb3/environment/ament_prefix_path.dsv
-- Installing: /home/kush/robot_ws/install/obstacle_avoidance_tb3/share/obstacle_avoidance_tb3/environment/path.sh
-- Installing: /home/kush/robot_ws/install/obstacle_avoidance_tb3/share/obstacle_avoidance_tb3/environment/path.dsv
-- Installing: /home/kush/robot_ws/install/obstacle_avoidance_tb3/share/obstacle_avoidance_tb3/local_setup.bash
-- Installing: /home/kush/robot_ws/install/obstacle_avoidance_tb3/share/obstacle_avoidance_tb3/local_setup.sh
-- Installing: /home/kush/robot_ws/install/obstacle_avoidance_tb3/share/obstacle_avoidance_tb3/local_setup.zsh
-- Installing: /home/kush/robot_ws/install/obstacle_avoidance_tb3/share/obstacle_avoidance_tb3/local_setup.dsv
-- Installing: /home/kush/robot_ws/install/obstacle_avoidance_tb3/share/obstacle_avoidance_tb3/package.dsv
-- Installing: /home/kush/robot_ws/install/obstacle_avoidance_tb3/share/ament_index/resource_index/packages/obstacle_avoidance_tb3
-- Installing: /home/kush/robot_ws/install/obstacle_avoidance_tb3/share/obstacle_avoidance_tb3/cmake/obstacle_avoidance_tb3Config.cmake
-- Installing: /home/kush/robot_ws/install/obstacle_avoidance_tb3/share/obstacle_avoidance_tb3/cmake/obstacle_avoidance_tb3Config-version.cmake
-- Installing: /home/kush/robot_ws/install/obstacle_avoidance_tb3/share/obstacle_avoidance_tb3/package.xml
