[0.020s] Invoking command in '/home/kush/robot_ws/build/obstacle_avoidance_tb3': CMAKE_PREFIX_PATH=${CMAKE_PREFIX_PATH}:/home/kush/robot_ws/install/turtlebot3_lane_changing_leader:/home/kush/robot_ws/install/turtlebot3_follower_control:/home/kush/turtlebot3_ws/install/turtlebot3_teleop:/home/kush/turtlebot3_ws/install/turtlebot3_example:/opt/ros/humble /usr/bin/cmake /home/kush/robot_ws/src/obstacle_avoidance_tb3 -DCMAKE_INSTALL_PREFIX=/home/kush/robot_ws/install/obstacle_avoidance_tb3
[0.115s] -- The C compiler identification is GNU 11.4.0
[0.204s] -- The CXX compiler identification is GNU 11.4.0
[0.212s] -- Detecting C compiler ABI info
[0.318s] -- Detecting C compiler ABI info - done
[0.326s] -- Check for working C compiler: /usr/bin/cc - skipped
[0.326s] -- Detecting C compile features
[0.326s] -- Detecting C compile features - done
[0.330s] -- Detecting CXX compiler ABI info
[0.445s] -- Detecting CXX compiler ABI info - done
[0.456s] -- Check for working CXX compiler: /usr/bin/c++ - skipped
[0.456s] -- Detecting CXX compile features
[0.458s] -- Detecting CXX compile features - done
[0.463s] -- Found ament_cmake: 1.3.11 (/opt/ros/humble/share/ament_cmake/cmake)
[0.663s] -- Found Python3: /usr/bin/python3 (found version "3.10.12") found components: Interpreter 
[0.805s] -- Found rclpy: 3.3.15 (/opt/ros/humble/share/rclpy/cmake)
[0.809s] -- Found rclcpp: 16.0.11 (/opt/ros/humble/share/rclcpp/cmake)
[0.883s] -- Found rosidl_generator_c: 3.1.6 (/opt/ros/humble/share/rosidl_generator_c/cmake)
[0.894s] -- Found rosidl_adapter: 3.1.6 (/opt/ros/humble/share/rosidl_adapter/cmake)
[0.908s] -- Found rosidl_generator_cpp: 3.1.6 (/opt/ros/humble/share/rosidl_generator_cpp/cmake)
[0.927s] -- Using all available rosidl_typesupport_c: rosidl_typesupport_fastrtps_c;rosidl_typesupport_introspection_c
[0.951s] -- Using all available rosidl_typesupport_cpp: rosidl_typesupport_fastrtps_cpp;rosidl_typesupport_introspection_cpp
[1.021s] -- Found rmw_implementation_cmake: 6.1.2 (/opt/ros/humble/share/rmw_implementation_cmake/cmake)
[1.027s] -- Found rmw_fastrtps_cpp: 6.2.7 (/opt/ros/humble/share/rmw_fastrtps_cpp/cmake)
[1.179s] -- Found OpenSSL: /usr/lib/x86_64-linux-gnu/libcrypto.so (found version "3.0.2")  
[1.221s] -- Found FastRTPS: /opt/ros/humble/include  
[1.282s] -- Using RMW implementation 'rmw_fastrtps_cpp' as default
[1.299s] -- Looking for pthread.h
[1.410s] -- Looking for pthread.h - found
[1.410s] -- Performing Test CMAKE_HAVE_LIBC_PTHREAD
[1.528s] -- Performing Test CMAKE_HAVE_LIBC_PTHREAD - Success
[1.529s] -- Found Threads: TRUE  
[1.597s] -- Found rosidl_default_generators: 1.2.0 (/opt/ros/humble/share/rosidl_default_generators/cmake)
[1.614s] -- Found sensor_msgs: 4.2.4 (/opt/ros/humble/share/sensor_msgs/cmake)
[1.835s] -- Configuring done
[1.846s] -- Generating done
[1.847s] -- Build files have been written to: /home/kush/robot_ws/build/obstacle_avoidance_tb3
[1.861s] Invoked command in '/home/kush/robot_ws/build/obstacle_avoidance_tb3' returned '0': CMAKE_PREFIX_PATH=${CMAKE_PREFIX_PATH}:/home/kush/robot_ws/install/turtlebot3_lane_changing_leader:/home/kush/robot_ws/install/turtlebot3_follower_control:/home/kush/turtlebot3_ws/install/turtlebot3_teleop:/home/kush/turtlebot3_ws/install/turtlebot3_example:/opt/ros/humble /usr/bin/cmake /home/kush/robot_ws/src/obstacle_avoidance_tb3 -DCMAKE_INSTALL_PREFIX=/home/kush/robot_ws/install/obstacle_avoidance_tb3
[1.867s] Invoking command in '/home/kush/robot_ws/build/obstacle_avoidance_tb3': CMAKE_PREFIX_PATH=${CMAKE_PREFIX_PATH}:/home/kush/robot_ws/install/turtlebot3_lane_changing_leader:/home/kush/robot_ws/install/turtlebot3_follower_control:/home/kush/turtlebot3_ws/install/turtlebot3_teleop:/home/kush/turtlebot3_ws/install/turtlebot3_example:/opt/ros/humble /usr/bin/cmake --build /home/kush/robot_ws/build/obstacle_avoidance_tb3 -- -j5 -l5
[1.961s] Built target ament_cmake_python_copy_obstacle_avoidance_tb3
[2.256s] running egg_info
[2.257s] creating obstacle_avoidance_tb3.egg-info
[2.257s] writing obstacle_avoidance_tb3.egg-info/PKG-INFO
[2.257s] writing dependency_links to obstacle_avoidance_tb3.egg-info/dependency_links.txt
[2.257s] writing top-level names to obstacle_avoidance_tb3.egg-info/top_level.txt
[2.258s] writing manifest file 'obstacle_avoidance_tb3.egg-info/SOURCES.txt'
[2.261s] reading manifest file 'obstacle_avoidance_tb3.egg-info/SOURCES.txt'
[2.261s] writing manifest file 'obstacle_avoidance_tb3.egg-info/SOURCES.txt'
[2.306s] Built target ament_cmake_python_build_obstacle_avoidance_tb3_egg
[2.324s] Invoked command in '/home/kush/robot_ws/build/obstacle_avoidance_tb3' returned '0': CMAKE_PREFIX_PATH=${CMAKE_PREFIX_PATH}:/home/kush/robot_ws/install/turtlebot3_lane_changing_leader:/home/kush/robot_ws/install/turtlebot3_follower_control:/home/kush/turtlebot3_ws/install/turtlebot3_teleop:/home/kush/turtlebot3_ws/install/turtlebot3_example:/opt/ros/humble /usr/bin/cmake --build /home/kush/robot_ws/build/obstacle_avoidance_tb3 -- -j5 -l5
[2.338s] Invoking command in '/home/kush/robot_ws/build/obstacle_avoidance_tb3': CMAKE_PREFIX_PATH=${CMAKE_PREFIX_PATH}:/home/kush/robot_ws/install/turtlebot3_lane_changing_leader:/home/kush/robot_ws/install/turtlebot3_follower_control:/home/kush/turtlebot3_ws/install/turtlebot3_teleop:/home/kush/turtlebot3_ws/install/turtlebot3_example:/opt/ros/humble /usr/bin/cmake --install /home/kush/robot_ws/build/obstacle_avoidance_tb3
[2.348s] -- Install configuration: ""
[2.349s] -- Installing: /home/kush/robot_ws/install/obstacle_avoidance_tb3/share/obstacle_avoidance_tb3/launch
[2.349s] -- Installing: /home/kush/robot_ws/install/obstacle_avoidance_tb3/share/obstacle_avoidance_tb3/launch/launch.py
[2.349s] -- Installing: /home/kush/robot_ws/install/obstacle_avoidance_tb3/share/obstacle_avoidance_tb3/environment/pythonpath.sh
[2.350s] -- Installing: /home/kush/robot_ws/install/obstacle_avoidance_tb3/share/obstacle_avoidance_tb3/environment/pythonpath.dsv
[2.350s] -- Installing: /home/kush/robot_ws/install/obstacle_avoidance_tb3/local/lib/python3.10/dist-packages/obstacle_avoidance_tb3-0.0.0-py3.10.egg-info
[2.350s] -- Installing: /home/kush/robot_ws/install/obstacle_avoidance_tb3/local/lib/python3.10/dist-packages/obstacle_avoidance_tb3-0.0.0-py3.10.egg-info/SOURCES.txt
[2.351s] -- Installing: /home/kush/robot_ws/install/obstacle_avoidance_tb3/local/lib/python3.10/dist-packages/obstacle_avoidance_tb3-0.0.0-py3.10.egg-info/PKG-INFO
[2.351s] -- Installing: /home/kush/robot_ws/install/obstacle_avoidance_tb3/local/lib/python3.10/dist-packages/obstacle_avoidance_tb3-0.0.0-py3.10.egg-info/dependency_links.txt
[2.351s] -- Installing: /home/kush/robot_ws/install/obstacle_avoidance_tb3/local/lib/python3.10/dist-packages/obstacle_avoidance_tb3-0.0.0-py3.10.egg-info/top_level.txt
[2.351s] -- Installing: /home/kush/robot_ws/install/obstacle_avoidance_tb3/local/lib/python3.10/dist-packages/obstacle_avoidance_tb3
[2.351s] -- Installing: /home/kush/robot_ws/install/obstacle_avoidance_tb3/local/lib/python3.10/dist-packages/obstacle_avoidance_tb3/__init__.py
[2.395s] Listing '/home/kush/robot_ws/install/obstacle_avoidance_tb3/local/lib/python3.10/dist-packages/obstacle_avoidance_tb3'...
[2.395s] Compiling '/home/kush/robot_ws/install/obstacle_avoidance_tb3/local/lib/python3.10/dist-packages/obstacle_avoidance_tb3/__init__.py'...
[2.401s] -- Installing: /home/kush/robot_ws/install/obstacle_avoidance_tb3/lib/obstacle_avoidance_tb3/obstacle_avoidance.py
[2.401s] -- Installing: /home/kush/robot_ws/install/obstacle_avoidance_tb3/lib/obstacle_avoidance_tb3/turtlebot_teleop.py
[2.401s] -- Installing: /home/kush/robot_ws/install/obstacle_avoidance_tb3/share/ament_index/resource_index/package_run_dependencies/obstacle_avoidance_tb3
[2.402s] -- Installing: /home/kush/robot_ws/install/obstacle_avoidance_tb3/share/ament_index/resource_index/parent_prefix_path/obstacle_avoidance_tb3
[2.402s] -- Installing: /home/kush/robot_ws/install/obstacle_avoidance_tb3/share/obstacle_avoidance_tb3/environment/ament_prefix_path.sh
[2.402s] -- Installing: /home/kush/robot_ws/install/obstacle_avoidance_tb3/share/obstacle_avoidance_tb3/environment/ament_prefix_path.dsv
[2.402s] -- Installing: /home/kush/robot_ws/install/obstacle_avoidance_tb3/share/obstacle_avoidance_tb3/environment/path.sh
[2.402s] -- Installing: /home/kush/robot_ws/install/obstacle_avoidance_tb3/share/obstacle_avoidance_tb3/environment/path.dsv
[2.403s] -- Installing: /home/kush/robot_ws/install/obstacle_avoidance_tb3/share/obstacle_avoidance_tb3/local_setup.bash
[2.403s] -- Installing: /home/kush/robot_ws/install/obstacle_avoidance_tb3/share/obstacle_avoidance_tb3/local_setup.sh
[2.403s] -- Installing: /home/kush/robot_ws/install/obstacle_avoidance_tb3/share/obstacle_avoidance_tb3/local_setup.zsh
[2.403s] -- Installing: /home/kush/robot_ws/install/obstacle_avoidance_tb3/share/obstacle_avoidance_tb3/local_setup.dsv
[2.403s] -- Installing: /home/kush/robot_ws/install/obstacle_avoidance_tb3/share/obstacle_avoidance_tb3/package.dsv
[2.404s] -- Installing: /home/kush/robot_ws/install/obstacle_avoidance_tb3/share/ament_index/resource_index/packages/obstacle_avoidance_tb3
[2.404s] -- Installing: /home/kush/robot_ws/install/obstacle_avoidance_tb3/share/obstacle_avoidance_tb3/cmake/obstacle_avoidance_tb3Config.cmake
[2.404s] -- Installing: /home/kush/robot_ws/install/obstacle_avoidance_tb3/share/obstacle_avoidance_tb3/cmake/obstacle_avoidance_tb3Config-version.cmake
[2.404s] -- Installing: /home/kush/robot_ws/install/obstacle_avoidance_tb3/share/obstacle_avoidance_tb3/package.xml
[2.408s] Invoked command in '/home/kush/robot_ws/build/obstacle_avoidance_tb3' returned '0': CMAKE_PREFIX_PATH=${CMAKE_PREFIX_PATH}:/home/kush/robot_ws/install/turtlebot3_lane_changing_leader:/home/kush/robot_ws/install/turtlebot3_follower_control:/home/kush/turtlebot3_ws/install/turtlebot3_teleop:/home/kush/turtlebot3_ws/install/turtlebot3_example:/opt/ros/humble /usr/bin/cmake --install /home/kush/robot_ws/build/obstacle_avoidance_tb3
