Built target ament_cmake_python_copy_obstacle_avoidance_tb3
running egg_info
writing obstacle_avoidance_tb3.egg-info/PKG-INFO
writing dependency_links to obstacle_avoidance_tb3.egg-info/dependency_links.txt
writing top-level names to obstacle_avoidance_tb3.egg-info/top_level.txt
reading manifest file 'obstacle_avoidance_tb3.egg-info/SOURCES.txt'
writing manifest file 'obstacle_avoidance_tb3.egg-info/SOURCES.txt'
Built target ament_cmake_python_build_obstacle_avoidance_tb3_egg
-- Install configuration: ""
-- Up-to-date: /home/kush/robot_ws/install/obstacle_avoidance_tb3/share/obstacle_avoidance_tb3/launch
-- Up-to-date: /home/kush/robot_ws/install/obstacle_avoidance_tb3/share/obstacle_avoidance_tb3/launch/launch.py
-- Up-to-date: /home/kush/robot_ws/install/obstacle_avoidance_tb3/share/obstacle_avoidance_tb3/environment/pythonpath.sh
-- Up-to-date: /home/kush/robot_ws/install/obstacle_avoidance_tb3/share/obstacle_avoidance_tb3/environment/pythonpath.dsv
-- Up-to-date: /home/kush/robot_ws/install/obstacle_avoidance_tb3/local/lib/python3.10/dist-packages/obstacle_avoidance_tb3-0.0.0-py3.10.egg-info
-- Installing: /home/kush/robot_ws/install/obstacle_avoidance_tb3/local/lib/python3.10/dist-packages/obstacle_avoidance_tb3-0.0.0-py3.10.egg-info/SOURCES.txt
-- Installing: /home/kush/robot_ws/install/obstacle_avoidance_tb3/local/lib/python3.10/dist-packages/obstacle_avoidance_tb3-0.0.0-py3.10.egg-info/PKG-INFO
-- Installing: /home/kush/robot_ws/install/obstacle_avoidance_tb3/local/lib/python3.10/dist-packages/obstacle_avoidance_tb3-0.0.0-py3.10.egg-info/dependency_links.txt
-- Installing: /home/kush/robot_ws/install/obstacle_avoidance_tb3/local/lib/python3.10/dist-packages/obstacle_avoidance_tb3-0.0.0-py3.10.egg-info/top_level.txt
-- Up-to-date: /home/kush/robot_ws/install/obstacle_avoidance_tb3/local/lib/python3.10/dist-packages/obstacle_avoidance_tb3
-- Up-to-date: /home/kush/robot_ws/install/obstacle_avoidance_tb3/local/lib/python3.10/dist-packages/obstacle_avoidance_tb3/__init__.py
Listing '/home/kush/robot_ws/install/obstacle_avoidance_tb3/local/lib/python3.10/dist-packages/obstacle_avoidance_tb3'...
-- Up-to-date: /home/kush/robot_ws/install/obstacle_avoidance_tb3/lib/obstacle_avoidance_tb3/obstacle_avoidance.py
-- Up-to-date: /home/kush/robot_ws/install/obstacle_avoidance_tb3/lib/obstacle_avoidance_tb3/turtlebot_teleop.py
-- Up-to-date: /home/kush/robot_ws/install/obstacle_avoidance_tb3/share/ament_index/resource_index/package_run_dependencies/obstacle_avoidance_tb3
-- Up-to-date: /home/kush/robot_ws/install/obstacle_avoidance_tb3/share/ament_index/resource_index/parent_prefix_path/obstacle_avoidance_tb3
-- Up-to-date: /home/kush/robot_ws/install/obstacle_avoidance_tb3/share/obstacle_avoidance_tb3/environment/ament_prefix_path.sh
-- Up-to-date: /home/kush/robot_ws/install/obstacle_avoidance_tb3/share/obstacle_avoidance_tb3/environment/ament_prefix_path.dsv
-- Up-to-date: /home/kush/robot_ws/install/obstacle_avoidance_tb3/share/obstacle_avoidance_tb3/environment/path.sh
-- Up-to-date: /home/kush/robot_ws/install/obstacle_avoidance_tb3/share/obstacle_avoidance_tb3/environment/path.dsv
-- Up-to-date: /home/kush/robot_ws/install/obstacle_avoidance_tb3/share/obstacle_avoidance_tb3/local_setup.bash
-- Up-to-date: /home/kush/robot_ws/install/obstacle_avoidance_tb3/share/obstacle_avoidance_tb3/local_setup.sh
-- Up-to-date: /home/kush/robot_ws/install/obstacle_avoidance_tb3/share/obstacle_avoidance_tb3/local_setup.zsh
-- Up-to-date: /home/kush/robot_ws/install/obstacle_avoidance_tb3/share/obstacle_avoidance_tb3/local_setup.dsv
-- Up-to-date: /home/kush/robot_ws/install/obstacle_avoidance_tb3/share/obstacle_avoidance_tb3/package.dsv
-- Up-to-date: /home/kush/robot_ws/install/obstacle_avoidance_tb3/share/ament_index/resource_index/packages/obstacle_avoidance_tb3
-- Up-to-date: /home/kush/robot_ws/install/obstacle_avoidance_tb3/share/obstacle_avoidance_tb3/cmake/obstacle_avoidance_tb3Config.cmake
-- Up-to-date: /home/kush/robot_ws/install/obstacle_avoidance_tb3/share/obstacle_avoidance_tb3/cmake/obstacle_avoidance_tb3Config-version.cmake
-- Up-to-date: /home/kush/robot_ws/install/obstacle_avoidance_tb3/share/obstacle_avoidance_tb3/package.xml
