[0.023s] Invoking command in '/home/kush/robot_ws/build/obstacle_avoidance_tb3': CMAKE_PREFIX_PATH=${CMAKE_PREFIX_PATH}:/home/kush/robot_ws/install/turtlebot3_lane_changing_leader:/home/kush/robot_ws/install/turtlebot3_follower_control:/home/kush/turtlebot3_ws/install/turtlebot3_teleop:/home/kush/turtlebot3_ws/install/turtlebot3_example:/opt/ros/humble /usr/bin/cmake --build /home/kush/robot_ws/build/obstacle_avoidance_tb3 -- -j5 -l5
[0.122s] Built target ament_cmake_python_copy_obstacle_avoidance_tb3
[0.414s] running egg_info
[0.415s] writing obstacle_avoidance_tb3.egg-info/PKG-INFO
[0.415s] writing dependency_links to obstacle_avoidance_tb3.egg-info/dependency_links.txt
[0.415s] writing top-level names to obstacle_avoidance_tb3.egg-info/top_level.txt
[0.418s] reading manifest file 'obstacle_avoidance_tb3.egg-info/SOURCES.txt'
[0.418s] writing manifest file 'obstacle_avoidance_tb3.egg-info/SOURCES.txt'
[0.462s] Built target ament_cmake_python_build_obstacle_avoidance_tb3_egg
[0.479s] Invoked command in '/home/kush/robot_ws/build/obstacle_avoidance_tb3' returned '0': CMAKE_PREFIX_PATH=${CMAKE_PREFIX_PATH}:/home/kush/robot_ws/install/turtlebot3_lane_changing_leader:/home/kush/robot_ws/install/turtlebot3_follower_control:/home/kush/turtlebot3_ws/install/turtlebot3_teleop:/home/kush/turtlebot3_ws/install/turtlebot3_example:/opt/ros/humble /usr/bin/cmake --build /home/kush/robot_ws/build/obstacle_avoidance_tb3 -- -j5 -l5
[0.494s] Invoking command in '/home/kush/robot_ws/build/obstacle_avoidance_tb3': CMAKE_PREFIX_PATH=${CMAKE_PREFIX_PATH}:/home/kush/robot_ws/install/turtlebot3_lane_changing_leader:/home/kush/robot_ws/install/turtlebot3_follower_control:/home/kush/turtlebot3_ws/install/turtlebot3_teleop:/home/kush/turtlebot3_ws/install/turtlebot3_example:/opt/ros/humble /usr/bin/cmake --install /home/kush/robot_ws/build/obstacle_avoidance_tb3
[0.506s] -- Install configuration: ""
[0.506s] -- Up-to-date: /home/kush/robot_ws/install/obstacle_avoidance_tb3/share/obstacle_avoidance_tb3/launch
[0.506s] -- Up-to-date: /home/kush/robot_ws/install/obstacle_avoidance_tb3/share/obstacle_avoidance_tb3/launch/launch.py
[0.506s] -- Up-to-date: /home/kush/robot_ws/install/obstacle_avoidance_tb3/share/obstacle_avoidance_tb3/environment/pythonpath.sh
[0.507s] -- Up-to-date: /home/kush/robot_ws/install/obstacle_avoidance_tb3/share/obstacle_avoidance_tb3/environment/pythonpath.dsv
[0.507s] -- Up-to-date: /home/kush/robot_ws/install/obstacle_avoidance_tb3/local/lib/python3.10/dist-packages/obstacle_avoidance_tb3-0.0.0-py3.10.egg-info
[0.507s] -- Installing: /home/kush/robot_ws/install/obstacle_avoidance_tb3/local/lib/python3.10/dist-packages/obstacle_avoidance_tb3-0.0.0-py3.10.egg-info/SOURCES.txt
[0.507s] -- Installing: /home/kush/robot_ws/install/obstacle_avoidance_tb3/local/lib/python3.10/dist-packages/obstacle_avoidance_tb3-0.0.0-py3.10.egg-info/PKG-INFO
[0.507s] -- Installing: /home/kush/robot_ws/install/obstacle_avoidance_tb3/local/lib/python3.10/dist-packages/obstacle_avoidance_tb3-0.0.0-py3.10.egg-info/dependency_links.txt
[0.507s] -- Installing: /home/kush/robot_ws/install/obstacle_avoidance_tb3/local/lib/python3.10/dist-packages/obstacle_avoidance_tb3-0.0.0-py3.10.egg-info/top_level.txt
[0.507s] -- Up-to-date: /home/kush/robot_ws/install/obstacle_avoidance_tb3/local/lib/python3.10/dist-packages/obstacle_avoidance_tb3
[0.507s] -- Up-to-date: /home/kush/robot_ws/install/obstacle_avoidance_tb3/local/lib/python3.10/dist-packages/obstacle_avoidance_tb3/__init__.py
[0.547s] Listing '/home/kush/robot_ws/install/obstacle_avoidance_tb3/local/lib/python3.10/dist-packages/obstacle_avoidance_tb3'...
[0.552s] -- Up-to-date: /home/kush/robot_ws/install/obstacle_avoidance_tb3/lib/obstacle_avoidance_tb3/obstacle_avoidance.py
[0.552s] -- Up-to-date: /home/kush/robot_ws/install/obstacle_avoidance_tb3/lib/obstacle_avoidance_tb3/turtlebot_teleop.py
[0.553s] -- Up-to-date: /home/kush/robot_ws/install/obstacle_avoidance_tb3/share/ament_index/resource_index/package_run_dependencies/obstacle_avoidance_tb3
[0.553s] -- Up-to-date: /home/kush/robot_ws/install/obstacle_avoidance_tb3/share/ament_index/resource_index/parent_prefix_path/obstacle_avoidance_tb3
[0.553s] -- Up-to-date: /home/kush/robot_ws/install/obstacle_avoidance_tb3/share/obstacle_avoidance_tb3/environment/ament_prefix_path.sh
[0.553s] -- Up-to-date: /home/kush/robot_ws/install/obstacle_avoidance_tb3/share/obstacle_avoidance_tb3/environment/ament_prefix_path.dsv
[0.553s] -- Up-to-date: /home/kush/robot_ws/install/obstacle_avoidance_tb3/share/obstacle_avoidance_tb3/environment/path.sh
[0.553s] -- Up-to-date: /home/kush/robot_ws/install/obstacle_avoidance_tb3/share/obstacle_avoidance_tb3/environment/path.dsv
[0.553s] -- Up-to-date: /home/kush/robot_ws/install/obstacle_avoidance_tb3/share/obstacle_avoidance_tb3/local_setup.bash
[0.553s] -- Up-to-date: /home/kush/robot_ws/install/obstacle_avoidance_tb3/share/obstacle_avoidance_tb3/local_setup.sh
[0.553s] -- Up-to-date: /home/kush/robot_ws/install/obstacle_avoidance_tb3/share/obstacle_avoidance_tb3/local_setup.zsh
[0.554s] -- Up-to-date: /home/kush/robot_ws/install/obstacle_avoidance_tb3/share/obstacle_avoidance_tb3/local_setup.dsv
[0.554s] -- Up-to-date: /home/kush/robot_ws/install/obstacle_avoidance_tb3/share/obstacle_avoidance_tb3/package.dsv
[0.554s] -- Up-to-date: /home/kush/robot_ws/install/obstacle_avoidance_tb3/share/ament_index/resource_index/packages/obstacle_avoidance_tb3
[0.554s] -- Up-to-date: /home/kush/robot_ws/install/obstacle_avoidance_tb3/share/obstacle_avoidance_tb3/cmake/obstacle_avoidance_tb3Config.cmake
[0.554s] -- Up-to-date: /home/kush/robot_ws/install/obstacle_avoidance_tb3/share/obstacle_avoidance_tb3/cmake/obstacle_avoidance_tb3Config-version.cmake
[0.554s] -- Up-to-date: /home/kush/robot_ws/install/obstacle_avoidance_tb3/share/obstacle_avoidance_tb3/package.xml
[0.556s] Invoked command in '/home/kush/robot_ws/build/obstacle_avoidance_tb3' returned '0': CMAKE_PREFIX_PATH=${CMAKE_PREFIX_PATH}:/home/kush/robot_ws/install/turtlebot3_lane_changing_leader:/home/kush/robot_ws/install/turtlebot3_follower_control:/home/kush/turtlebot3_ws/install/turtlebot3_teleop:/home/kush/turtlebot3_ws/install/turtlebot3_example:/opt/ros/humble /usr/bin/cmake --install /home/kush/robot_ws/build/obstacle_avoidance_tb3
